<?xml version="1.0" encoding="utf-8"?><testsuites name="pytest tests"><testsuite name="pytest" errors="0" failures="0" skipped="0" tests="37" time="52.301" timestamp="2026-04-27T07:08:04.260278+00:00" hostname="agent-env-f7f0ef9e-be73-47d0-b743-319cf6dcff4b"><testcase classname="backend.tests.test_phase2_features.TestPublicFeedbackEndpoints" name="test_get_feedback_form_invalid_token_returns_404" time="2.130" /><testcase classname="backend.tests.test_phase2_features.TestPublicFeedbackEndpoints" name="test_post_feedback_invalid_token_returns_404" time="0.105" /><testcase classname="backend.tests.test_phase2_features.TestFeedbackAdminEndpoints" name="test_submissions_ceo_access" time="0.104" /><testcase classname="backend.tests.test_phase2_features.TestFeedbackAdminEndpoints" name="test_submissions_hr_access" time="0.107" /><testcase classname="backend.tests.test_phase2_features.TestFeedbackAdminEndpoints" name="test_submissions_super_admin_access" time="0.108" /><testcase classname="backend.tests.test_phase2_features.TestFeedbackAdminEndpoints" name="test_submissions_jr_hr_forbidden" time="0.112" /><testcase classname="backend.tests.test_phase2_features.TestFeedbackAdminEndpoints" name="test_submissions_manager_forbidden" time="0.110" /><testcase classname="backend.tests.test_phase2_features.TestFeedbackAdminEndpoints" name="test_submissions_designer_forbidden" time="0.104" /><testcase classname="backend.tests.test_phase2_features.TestFeedbackAdminEndpoints" name="test_submissions_filter_by_kind" time="0.112" /><testcase classname="backend.tests.test_phase2_features.TestFeedbackAdminEndpoints" name="test_submissions_summary_ceo_access" time="0.102" /><testcase classname="backend.tests.test_phase2_features.TestFeedbackAdminEndpoints" name="test_submissions_summary_jr_hr_forbidden" time="0.099" /><testcase classname="backend.tests.test_phase2_features.TestAnalyticsSummary" name="test_summary_ceo_access" time="0.101" /><testcase classname="backend.tests.test_phase2_features.TestAnalyticsSummary" name="test_summary_hr_access" time="0.121" /><testcase classname="backend.tests.test_phase2_features.TestAnalyticsSummary" name="test_summary_manager_access" time="0.104" /><testcase classname="backend.tests.test_phase2_features.TestAnalyticsSummary" name="test_summary_designer_forbidden" time="0.108" /><testcase classname="backend.tests.test_phase2_features.TestAnalyticsSummary" name="test_summary_jr_hr_forbidden" time="0.100" /><testcase classname="backend.tests.test_phase2_features.TestAnalyticsSummary" name="test_summary_filter_by_pipeline_type_technician" time="0.108" /><testcase classname="backend.tests.test_phase2_features.TestAnalyticsSummary" name="test_summary_filter_by_pipeline_type_head_office" time="0.104" /><testcase classname="backend.tests.test_phase2_features.TestAnalyticsIntelligence" name="test_intelligence_ceo_access" time="0.111" /><testcase classname="backend.tests.test_phase2_features.TestAnalyticsIntelligence" name="test_intelligence_hr_access" time="0.100" /><testcase classname="backend.tests.test_phase2_features.TestAnalyticsIntelligence" name="test_intelligence_manager_access" time="0.111" /><testcase classname="backend.tests.test_phase2_features.TestAnalyticsIntelligence" name="test_intelligence_designer_forbidden" time="0.106" /><testcase classname="backend.tests.test_phase2_features.TestAnalyticsIntelligence" name="test_intelligence_weak_stages_sorted_desc" time="0.117" /><testcase classname="backend.tests.test_phase2_features.TestBranchesRecruitmentOverview" name="test_recruitment_overview_structure" time="0.115" /><testcase classname="backend.tests.test_phase2_features.TestBranchesRecruitmentOverview" name="test_recruitment_overview_row_fields" time="0.108" /><testcase classname="backend.tests.test_phase2_features.TestBranchesRecruitmentOverview" name="test_recruitment_overview_status_derivation" time="0.108" /><testcase classname="backend.tests.test_phase2_features.TestResumeUpload" name="test_resume_upload_pdf" time="37.427" /><testcase classname="backend.tests.test_phase2_features.TestResumeUpload" name="test_resume_upload_invalid_extension" time="0.277" /><testcase classname="backend.tests.test_phase2_features.TestResumeUpload" name="test_resume_upload_lead_not_found" time="0.109" /><testcase classname="backend.tests.test_phase2_features.TestMedicalInfo" name="test_update_medical_info" time="4.371" /><testcase classname="backend.tests.test_phase2_features.TestMedicalInfo" name="test_medical_info_persisted" time="0.321" /><testcase classname="backend.tests.test_phase2_features.TestMedicalInfo" name="test_medical_info_lead_not_found" time="0.128" /><testcase classname="backend.tests.test_phase2_features.TestWhatsAppResilienceAndFeedbackToken" name="test_lead_to_dead_creates_feedback_token_and_succeeds" time="1.330" /><testcase classname="backend.tests.test_phase2_features.TestWhatsAppResilienceAndFeedbackToken" name="test_feedback_token_created_for_dead_lead" time="1.501" /><testcase classname="backend.tests.test_phase2_features.TestEmployeeExitFeedbackToken" name="test_employee_exit_creates_feedback_token" time="1.733" /><testcase classname="backend.tests.test_phase2_features.TestPublicFeedbackFormFlow" name="test_public_feedback_form_no_auth_required" time="0.104" /><testcase classname="backend.tests.test_phase2_features.TestPublicFeedbackFormFlow" name="test_public_feedback_submit_no_auth_required" time="0.103" /></testsuite></testsuites>