<?xml version="1.0" encoding="utf-8"?><testsuites name="pytest tests"><testsuite name="pytest" errors="0" failures="1" skipped="0" tests="17" time="5.505" timestamp="2026-06-13T06:14:55.262779+00:00" hostname="agent-env-478debc1-0f53-4ed4-9eac-f7430cb08609"><testcase classname="backend.tests.test_iteration17_hirings" name="test_list_designations_have_office_type" time="0.502" /><testcase classname="backend.tests.test_iteration17_hirings" name="test_create_designation_requires_office_type" time="0.131" /><testcase classname="backend.tests.test_iteration17_hirings" name="test_create_designation_invalid_office_type" time="0.090" /><testcase classname="backend.tests.test_iteration17_hirings" name="test_create_designation_dual_office_type_same_name" time="0.192"><failure message="AssertionError: Internal Server Error&#10;assert 500 == 200&#10; +  where 500 = &lt;Response [500]&gt;.status_code">backend/tests/test_iteration17_hirings.py:84: in test_create_designation_dual_office_type_same_name
    assert b.status_code == 200, b.text
E   AssertionError: Internal Server Error
E   assert 500 == 200
E    +  where 500 = &lt;Response [500]&gt;.status_code</failure></testcase><testcase classname="backend.tests.test_iteration17_hirings" name="test_filter_designations_by_office_type" time="0.136" /><testcase classname="backend.tests.test_iteration17_hirings" name="test_create_lead_with_designation_autofills" time="0.436" /><testcase classname="backend.tests.test_iteration17_hirings" name="test_create_lead_head_office_designation" time="0.230" /><testcase classname="backend.tests.test_iteration17_hirings" name="test_create_lead_salary_validation" time="0.103" /><testcase classname="backend.tests.test_iteration17_hirings" name="test_update_lead_with_designation" time="0.441" /><testcase classname="backend.tests.test_iteration17_hirings" name="test_hirings_invalid_office_type" time="0.093" /><testcase classname="backend.tests.test_iteration17_hirings" name="test_hirings_head_office_shape" time="0.103" /><testcase classname="backend.tests.test_iteration17_hirings" name="test_hirings_franchise_only_franchise" time="0.096" /><testcase classname="backend.tests.test_iteration17_hirings" name="test_hirings_counts_include_new_lead" time="0.205" /><testcase classname="backend.tests.test_iteration17_hirings" name="test_hirings_legacy_job_role_matches" time="0.207" /><testcase classname="backend.tests.test_iteration17_hirings" name="test_hirings_candidates_by_designation" time="0.388" /><testcase classname="backend.tests.test_iteration17_hirings" name="test_jobs_endpoint_soft_remove_still_works" time="0.132" /><testcase classname="backend.tests.test_iteration17_hirings" name="test_zz_cleanup" time="1.799" /></testsuite></testsuites>