<?xml version="1.0" encoding="utf-8"?><testsuites name="pytest tests"><testsuite name="pytest" errors="0" failures="0" skipped="0" tests="24" time="8.886" timestamp="2026-04-30T05:42:36.181952+00:00" hostname="agent-env-f7f0ef9e-be73-47d0-b743-319cf6dcff4b"><testcase classname="backend.tests.test_branch_permissions_v2.TestGetBranchesAllRoles" name="test_get_branches_as_designer" time="3.904" /><testcase classname="backend.tests.test_branch_permissions_v2.TestGetBranchesAllRoles" name="test_get_branches_as_mktg_coord" time="0.100" /><testcase classname="backend.tests.test_branch_permissions_v2.TestGetBranchesAllRoles" name="test_get_branches_as_fde" time="0.106" /><testcase classname="backend.tests.test_branch_permissions_v2.TestPostBranchesPermissions" name="test_post_branch_as_sr_hr" time="0.223" /><testcase classname="backend.tests.test_branch_permissions_v2.TestPostBranchesPermissions" name="test_post_branch_as_jr_hr" time="0.203" /><testcase classname="backend.tests.test_branch_permissions_v2.TestPostBranchesPermissions" name="test_post_branch_as_marketing_mgr" time="0.219" /><testcase classname="backend.tests.test_branch_permissions_v2.TestPostBranchesPermissions" name="test_post_branch_as_designer_forbidden" time="0.099" /><testcase classname="backend.tests.test_branch_permissions_v2.TestPostBranchesPermissions" name="test_post_branch_as_mktg_coord_forbidden" time="0.107" /><testcase classname="backend.tests.test_branch_permissions_v2.TestPostBranchesPermissions" name="test_post_branch_as_fde_forbidden" time="0.102" /><testcase classname="backend.tests.test_branch_permissions_v2.TestPutBranchesPermissions" name="test_put_branch_as_sr_hr" time="0.381" /><testcase classname="backend.tests.test_branch_permissions_v2.TestPutBranchesPermissions" name="test_put_branch_as_jr_hr" time="0.335" /><testcase classname="backend.tests.test_branch_permissions_v2.TestPutBranchesPermissions" name="test_put_branch_as_designer_forbidden" time="0.357" /><testcase classname="backend.tests.test_branch_permissions_v2.TestDeleteBranchesPermissions" name="test_delete_branch_as_sr_hr" time="0.217" /><testcase classname="backend.tests.test_branch_permissions_v2.TestDeleteBranchesPermissions" name="test_delete_branch_as_jr_hr" time="0.209" /><testcase classname="backend.tests.test_branch_permissions_v2.TestDeleteBranchesPermissions" name="test_delete_branch_as_marketing_mgr_forbidden" time="0.348" /><testcase classname="backend.tests.test_branch_permissions_v2.TestDeleteBranchesPermissions" name="test_delete_branch_as_ops_mgr_forbidden" time="0.315" /><testcase classname="backend.tests.test_branch_permissions_v2.TestDeleteBranchesPermissions" name="test_delete_branch_as_sales_mgr_forbidden" time="0.313" /><testcase classname="backend.tests.test_branch_permissions_v2.TestDeleteBranchesPermissions" name="test_delete_branch_as_accounts_mgr_forbidden" time="0.338" /><testcase classname="backend.tests.test_branch_permissions_v2.TestDeleteBranchesPermissions" name="test_delete_branch_as_designer_forbidden" time="0.323" /><testcase classname="backend.tests.test_branch_permissions_v2.TestDashboardFranchisesField" name="test_dashboard_sr_hr_has_franchises" time="0.148" /><testcase classname="backend.tests.test_branch_permissions_v2.TestDashboardFranchisesField" name="test_dashboard_jr_hr_has_franchises" time="0.112" /><testcase classname="backend.tests.test_branch_permissions_v2.TestDashboardFranchisesField" name="test_dashboard_fde_has_franchises" time="0.102" /><testcase classname="backend.tests.test_branch_permissions_v2.TestDashboardFranchisesField" name="test_dashboard_designer_has_franchises" time="0.111" /><testcase classname="backend.tests.test_branch_permissions_v2.TestDashboardFranchisesField" name="test_dashboard_mktg_coord_has_franchises" time="0.123" /></testsuite></testsuites>