<?xml version="1.0" encoding="utf-8"?><testsuites name="pytest tests"><testsuite name="pytest" errors="0" failures="0" skipped="0" tests="27" time="11.265" timestamp="2026-05-13T05:44:49.998583+00:00" hostname="agent-env-f7f0ef9e-be73-47d0-b743-319cf6dcff4b"><testcase classname="backend.tests.test_iteration12_features.TestDashboardLeadSplit" name="test_dashboard_stats_returns_lead_split" time="0.527" /><testcase classname="backend.tests.test_iteration12_features.TestDashboardLeadSplit" name="test_dashboard_stats_with_days_filter" time="0.114" /><testcase classname="backend.tests.test_iteration12_features.TestDashboardLeadSplit" name="test_dashboard_stats_with_date_range" time="0.137" /><testcase classname="backend.tests.test_iteration12_features.TestPipelineStats" name="test_pipeline_stats_includes_three_months" time="0.107" /><testcase classname="backend.tests.test_iteration12_features.TestPipelineStats" name="test_pipeline_stats_has_all_stages" time="0.107" /><testcase classname="backend.tests.test_iteration12_features.TestHoldTransition" name="test_hold_transition_requires_hold_reason" time="0.415" /><testcase classname="backend.tests.test_iteration12_features.TestHoldToSelectedBugFix" name="test_hold_to_selected_after_hr_interview" time="1.243" /><testcase classname="backend.tests.test_iteration12_features.TestManagerInterviewRequiresManagerId" name="test_manager_interview_requires_manager_id" time="0.657" /><testcase classname="backend.tests.test_iteration12_features.TestManagerInterviewRequiresManagerId" name="test_manager_interview_sets_assigned_manager" time="0.762" /><testcase classname="backend.tests.test_iteration12_features.TestThreeMonthsStage" name="test_three_months_creates_offer_letter" time="1.442" /><testcase classname="backend.tests.test_iteration12_features.TestOfferLettersEndpoints" name="test_get_offer_letters" time="0.095" /><testcase classname="backend.tests.test_iteration12_features.TestOfferLettersEndpoints" name="test_get_three_months_due" time="0.115" /><testcase classname="backend.tests.test_iteration12_features.TestDesignRequests" name="test_create_design_request" time="0.443" /><testcase classname="backend.tests.test_iteration12_features.TestDesignRequests" name="test_designer_can_see_all_requests" time="0.540" /><testcase classname="backend.tests.test_iteration12_features.TestDesignRequests" name="test_owner_cannot_change_status" time="0.205" /><testcase classname="backend.tests.test_iteration12_features.TestDesignRequests" name="test_designer_can_change_status" time="0.208" /><testcase classname="backend.tests.test_iteration12_features.TestTasksAnyUserCanAssign" name="test_franchise_exec_can_assign_task" time="0.210" /><testcase classname="backend.tests.test_iteration12_features.TestTasksAnyUserCanAssign" name="test_assignable_users_returns_all_active" time="0.105" /><testcase classname="backend.tests.test_iteration12_features.TestManagerInterviewRoleGating" name="test_srhr_cannot_submit_manager_interview" time="1.223" /><testcase classname="backend.tests.test_iteration12_features.TestManagerInterviewRoleGating" name="test_manager_can_submit_manager_interview" time="1.190" /><testcase classname="backend.tests.test_iteration12_features.TestAnalyticsFunnel" name="test_analytics_summary_funnel_order" time="0.109" /><testcase classname="backend.tests.test_iteration12_features.TestAnalyticsFunnel" name="test_analytics_summary_technician_pipeline" time="0.109" /><testcase classname="backend.tests.test_iteration12_features.TestAdminCleanup" name="test_cleanup_preview_ceo_only" time="0.565" /><testcase classname="backend.tests.test_iteration12_features.TestAdminCleanup" name="test_cleanup_ceo_only" time="0.103" /><testcase classname="backend.tests.test_iteration12_features.TestEmployeesCategoryFilter" name="test_employees_filter_by_branch" time="0.110" /><testcase classname="backend.tests.test_iteration12_features.TestEmployeesCategoryFilter" name="test_employees_filter_by_head_office" time="0.097" /><testcase classname="backend.tests.test_iteration12_features.TestCampaignsRemoved" name="test_campaigns_routes_404" time="0.199" /></testsuite></testsuites>