<?xml version="1.0" encoding="utf-8"?><testsuites name="pytest tests"><testsuite name="pytest" errors="0" failures="0" skipped="1" tests="18" time="11.661" timestamp="2026-05-01T06:09:45.291433+00:00" hostname="agent-env-f7f0ef9e-be73-47d0-b743-319cf6dcff4b"><testcase classname="backend.tests.test_iteration11_pipeline_rename.TestPipelineStats" name="test_pipeline_stats_returns_new_stage_names" time="0.487" /><testcase classname="backend.tests.test_iteration11_pipeline_rename.TestHOPipelineTransitions" name="test_ho_transition_to_qualified" time="0.220" /><testcase classname="backend.tests.test_iteration11_pipeline_rename.TestHOPipelineTransitions" name="test_ho_transition_to_hr_interview" time="0.313" /><testcase classname="backend.tests.test_iteration11_pipeline_rename.TestHOPipelineTransitions" name="test_ho_transition_to_manager_interview_requires_hr_questionnaire" time="0.445" /><testcase classname="backend.tests.test_iteration11_pipeline_rename.TestHOPipelineTransitions" name="test_ho_full_pipeline_to_selected" time="0.759" /><testcase classname="backend.tests.test_iteration11_pipeline_rename.TestTechPipelineTransitions" name="test_tech_no_manager_interview" time="0.443" /><testcase classname="backend.tests.test_iteration11_pipeline_rename.TestTechPipelineTransitions" name="test_tech_selected_requires_hr_questionnaire" time="0.447" /><testcase classname="backend.tests.test_iteration11_pipeline_rename.TestTechPipelineTransitions" name="test_tech_full_pipeline_to_selected" time="0.583" /><testcase classname="backend.tests.test_iteration11_pipeline_rename.TestRejectedStage" name="test_rejected_requires_rejection_reason" time="0.220" /><testcase classname="backend.tests.test_iteration11_pipeline_rename.TestRejectedStage" name="test_rejected_with_reason_works" time="1.489" /><testcase classname="backend.tests.test_iteration11_pipeline_rename.TestRejectedStage" name="test_legacy_dead_alias_works" time="0.244"><skipped type="pytest.skip" message="BUG: Legacy 'dead' alias not working - 'dead' not in PIPELINE_STAGES">/app/backend/tests/test_iteration11_pipeline_rename.py:405: BUG: Legacy 'dead' alias not working - 'dead' not in PIPELINE_STAGES</skipped></testcase><testcase classname="backend.tests.test_iteration11_pipeline_rename.TestEmployeeExitAutoJob" name="test_exit_with_auto_create_job_true" time="2.601" /><testcase classname="backend.tests.test_iteration11_pipeline_rename.TestEmployeeExitAutoJob" name="test_exit_with_auto_create_job_false" time="1.863" /><testcase classname="backend.tests.test_iteration11_pipeline_rename.TestEmployeeSearch" name="test_search_by_name" time="0.223" /><testcase classname="backend.tests.test_iteration11_pipeline_rename.TestEmployeeSearch" name="test_search_by_role" time="0.109" /><testcase classname="backend.tests.test_iteration11_pipeline_rename.TestEmployeeSearch" name="test_filter_by_branch_id" time="0.237" /><testcase classname="backend.tests.test_iteration11_pipeline_rename.TestConvertLeadToEmployee" name="test_convert_from_selected_stage" time="0.661" /><testcase classname="backend.tests.test_iteration11_pipeline_rename.TestConvertLeadToEmployee" name="test_convert_from_new_lead_fails" time="0.212" /></testsuite></testsuites>