<?xml version="1.0" encoding="utf-8"?><testsuites name="pytest tests"><testsuite name="pytest" errors="0" failures="0" skipped="0" tests="7" time="5.329" timestamp="2026-06-12T14:28:48.821110+00:00" hostname="agent-env-478debc1-0f53-4ed4-9eac-f7430cb08609"><testcase classname="backend.tests.test_iteration16_features.TestEmployeeCode" name="test_missing_employee_code_422" time="0.684" /><testcase classname="backend.tests.test_iteration16_features.TestEmployeeCode" name="test_empty_employee_code_400" time="0.142" /><testcase classname="backend.tests.test_iteration16_features.TestEmployeeCode" name="test_create_unique_employee_code" time="0.331" /><testcase classname="backend.tests.test_iteration16_features.TestEmployeeCode" name="test_duplicate_employee_code_409" time="0.344" /><testcase classname="backend.tests.test_iteration16_features.TestEmployeeCode" name="test_update_employee_code_conflict_and_success" time="0.978" /><testcase classname="backend.tests.test_iteration16_features.TestLeadJobRole" name="test_leads_list_has_job_role" time="1.225" /><testcase classname="backend.tests.test_iteration16_features.TestOpenPositions" name="test_open_positions_present_and_accurate" time="1.563" /></testsuite></testsuites>