<?xml version="1.0" encoding="utf-8"?><testsuites name="pytest tests"><testsuite name="pytest" errors="0" failures="0" skipped="0" tests="26" time="9.465" timestamp="2026-04-30T05:13:55.173351+00:00" hostname="agent-env-f7f0ef9e-be73-47d0-b743-319cf6dcff4b"><testcase classname="backend.tests.test_cleanup_pass.TestDeprecatedRoleLogin" name="test_deprecated_superadmin_login_fails" time="0.378" /><testcase classname="backend.tests.test_cleanup_pass.TestValidRoleLogin" name="test_ceo_login_works" time="0.268" /><testcase classname="backend.tests.test_cleanup_pass.TestValidRoleLogin" name="test_hr_login_works" time="0.271" /><testcase classname="backend.tests.test_cleanup_pass.TestValidRoleLogin" name="test_jrhr_login_works" time="0.269" /><testcase classname="backend.tests.test_cleanup_pass.TestValidRoleLogin" name="test_marketing_mgr_login_works" time="0.268" /><testcase classname="backend.tests.test_cleanup_pass.TestValidRoleLogin" name="test_designer_login_works" time="0.270" /><testcase classname="backend.tests.test_cleanup_pass.TestBranchLatLongStripped" name="test_get_branches_no_lat_long" time="0.316" /><testcase classname="backend.tests.test_cleanup_pass.TestBranchCreateAuthorization" name="test_manager_can_create_branch" time="0.316" /><testcase classname="backend.tests.test_cleanup_pass.TestBranchCreateAuthorization" name="test_executor_cannot_create_branch" time="0.312" /><testcase classname="backend.tests.test_cleanup_pass.TestBranchUpdateAuthorization" name="test_manager_can_update_branch" time="0.635" /><testcase classname="backend.tests.test_cleanup_pass.TestBranchDeleteAuthorization" name="test_ceo_can_delete_empty_branch" time="0.366" /><testcase classname="backend.tests.test_cleanup_pass.TestBranchDeleteAuthorization" name="test_manager_cannot_delete_branch" time="0.674" /><testcase classname="backend.tests.test_cleanup_pass.TestBranchDeleteAuthorization" name="test_executor_cannot_delete_branch" time="0.671" /><testcase classname="backend.tests.test_cleanup_pass.TestBranchDeleteDependencyCheck" name="test_delete_branch_with_job_returns_400" time="0.498" /><testcase classname="backend.tests.test_cleanup_pass.TestDashboardFranchisesField" name="test_ceo_dashboard_has_franchises" time="0.333" /><testcase classname="backend.tests.test_cleanup_pass.TestDashboardFranchisesField" name="test_hr_dashboard_has_franchises" time="0.332" /><testcase classname="backend.tests.test_cleanup_pass.TestDashboardFranchisesField" name="test_manager_dashboard_has_franchises" time="0.316" /><testcase classname="backend.tests.test_cleanup_pass.TestFeedbackRBAC" name="test_feedback_submissions_manager_returns_403" time="0.310" /><testcase classname="backend.tests.test_cleanup_pass.TestFeedbackRBAC" name="test_feedback_submissions_executor_returns_403" time="0.316" /><testcase classname="backend.tests.test_cleanup_pass.TestFeedbackRBAC" name="test_feedback_submissions_ceo_returns_200" time="0.312" /><testcase classname="backend.tests.test_cleanup_pass.TestFeedbackRBAC" name="test_feedback_submissions_hr_returns_200" time="0.318" /><testcase classname="backend.tests.test_cleanup_pass.TestAuditLogsRBAC" name="test_audit_logs_manager_returns_403" time="0.315" /><testcase classname="backend.tests.test_cleanup_pass.TestAuditLogsRBAC" name="test_audit_logs_executor_returns_403" time="0.310" /><testcase classname="backend.tests.test_cleanup_pass.TestAuditLogsRBAC" name="test_audit_logs_ceo_returns_200" time="0.314" /><testcase classname="backend.tests.test_cleanup_pass.TestRecruitmentOverview" name="test_recruitment_overview_works" time="0.314" /><testcase classname="backend.tests.test_cleanup_pass.TestBranchCreateIgnoresLatLong" name="test_branch_create_ignores_lat_long" time="0.357" /></testsuite></testsuites>