<?xml version="1.0" encoding="utf-8"?><testsuites name="pytest tests"><testsuite name="pytest" errors="0" failures="0" skipped="0" tests="43" time="13.489" timestamp="2026-04-17T10:05:32.146211+00:00" hostname="agent-env-f7f0ef9e-be73-47d0-b743-319cf6dcff4b"><testcase classname="backend.tests.test_phase1_pipeline.TestAuth" name="test_ceo_login" time="0.463" /><testcase classname="backend.tests.test_phase1_pipeline.TestInterviewCriteria" name="test_get_criteria_returns_hr_and_manager" time="0.499" /><testcase classname="backend.tests.test_phase1_pipeline.TestHOPipelineTransitions" name="test_ho_lead_starts_at_new_lead" time="0.529" /><testcase classname="backend.tests.test_phase1_pipeline.TestHOPipelineTransitions" name="test_ho_transition_new_lead_to_qualified" time="0.116" /><testcase classname="backend.tests.test_phase1_pipeline.TestHOPipelineTransitions" name="test_ho_transition_qualified_to_hr_interview" time="0.175" /><testcase classname="backend.tests.test_phase1_pipeline.TestHOPipelineTransitions" name="test_ho_cannot_skip_to_manager_interview_without_hr_questionnaire" time="0.108" /><testcase classname="backend.tests.test_phase1_pipeline.TestHOPipelineTransitions" name="test_submit_hr_questionnaire_for_ho" time="0.154" /><testcase classname="backend.tests.test_phase1_pipeline.TestHOPipelineTransitions" name="test_ho_transition_to_manager_interview_after_hr_questionnaire" time="0.107" /><testcase classname="backend.tests.test_phase1_pipeline.TestHOPipelineTransitions" name="test_ho_cannot_move_ahead_without_manager_questionnaire" time="0.138" /><testcase classname="backend.tests.test_phase1_pipeline.TestHOPipelineTransitions" name="test_submit_manager_questionnaire_for_ho" time="0.120" /><testcase classname="backend.tests.test_phase1_pipeline.TestHOPipelineTransitions" name="test_ho_transition_to_move_ahead_after_manager_questionnaire" time="0.106" /><testcase classname="backend.tests.test_phase1_pipeline.TestHOPipelineTransitions" name="test_ho_transition_to_joined" time="0.157" /><testcase classname="backend.tests.test_phase1_pipeline.TestHOPipelineTransitions" name="test_interview_records_locked_after_joined" time="0.150" /><testcase classname="backend.tests.test_phase1_pipeline.TestTechnicianPipelineTransitions" name="test_tech_lead_starts_at_new_lead" time="0.474" /><testcase classname="backend.tests.test_phase1_pipeline.TestTechnicianPipelineTransitions" name="test_tech_transition_to_qualified" time="0.113" /><testcase classname="backend.tests.test_phase1_pipeline.TestTechnicianPipelineTransitions" name="test_tech_transition_to_hr_interview" time="0.117" /><testcase classname="backend.tests.test_phase1_pipeline.TestTechnicianPipelineTransitions" name="test_tech_cannot_move_to_manager_interview" time="0.122" /><testcase classname="backend.tests.test_phase1_pipeline.TestTechnicianPipelineTransitions" name="test_tech_cannot_move_ahead_without_hr_questionnaire" time="0.123" /><testcase classname="backend.tests.test_phase1_pipeline.TestTechnicianPipelineTransitions" name="test_submit_hr_questionnaire_for_tech" time="0.109" /><testcase classname="backend.tests.test_phase1_pipeline.TestTechnicianPipelineTransitions" name="test_tech_cannot_submit_manager_questionnaire" time="0.099" /><testcase classname="backend.tests.test_phase1_pipeline.TestTechnicianPipelineTransitions" name="test_tech_transition_to_move_ahead_after_hr_questionnaire" time="0.112" /><testcase classname="backend.tests.test_phase1_pipeline.TestTechnicianPipelineTransitions" name="test_tech_transition_to_joined" time="0.111" /><testcase classname="backend.tests.test_phase1_pipeline.TestHoldAndDeadTransitions" name="test_move_to_hold_requires_hold_reason" time="0.741" /><testcase classname="backend.tests.test_phase1_pipeline.TestHoldAndDeadTransitions" name="test_move_to_hold_with_reason" time="0.108" /><testcase classname="backend.tests.test_phase1_pipeline.TestHoldAndDeadTransitions" name="test_resume_from_hold_to_previous_stage" time="0.235" /><testcase classname="backend.tests.test_phase1_pipeline.TestDeadTransitions" name="test_move_to_dead_requires_dead_reason" time="0.556" /><testcase classname="backend.tests.test_phase1_pipeline.TestDeadTransitions" name="test_move_to_dead_with_reason" time="0.116" /><testcase classname="backend.tests.test_phase1_pipeline.TestInterviewRecordLocking" name="test_interview_not_locked_before_terminal_state" time="0.903" /><testcase classname="backend.tests.test_phase1_pipeline.TestInterviewRecordLocking" name="test_interview_locked_after_dead" time="0.217" /><testcase classname="backend.tests.test_phase1_pipeline.TestInterviewValidation" name="test_hr_questionnaire_missing_criteria" time="0.557" /><testcase classname="backend.tests.test_phase1_pipeline.TestInterviewValidation" name="test_hr_questionnaire_invalid_rating" time="0.110" /><testcase classname="backend.tests.test_phase1_pipeline.TestEmployeeSegmentation" name="test_segments_summary_structure" time="0.438" /><testcase classname="backend.tests.test_phase1_pipeline.TestEmployeeSegmentation" name="test_exited_employees_forbidden_for_jr_hr" time="0.429" /><testcase classname="backend.tests.test_phase1_pipeline.TestEmployeeSegmentation" name="test_exited_employees_allowed_for_ceo" time="0.107" /><testcase classname="backend.tests.test_phase1_pipeline.TestEmployeeConversion" name="test_convert_lead_requires_move_ahead_stage" time="0.551" /><testcase classname="backend.tests.test_phase1_pipeline.TestEmployeeConversion" name="test_convert_lead_to_employee" time="0.680" /><testcase classname="backend.tests.test_phase1_pipeline.TestEmployeeExit" name="test_exit_forbidden_for_jr_hr" time="1.463" /><testcase classname="backend.tests.test_phase1_pipeline.TestEmployeeExit" name="test_exit_allowed_for_ceo" time="0.100" /><testcase classname="backend.tests.test_phase1_pipeline.TestPipelineStats" name="test_pipeline_stats_includes_new_stages" time="0.428" /><testcase classname="backend.tests.test_phase1_pipeline.TestSkipStageValidation" name="test_cannot_skip_stages" time="0.576" /><testcase classname="backend.tests.test_phase1_pipeline.TestLeadsCRUD" name="test_list_leads" time="0.440" /><testcase classname="backend.tests.test_phase1_pipeline.TestLeadsCRUD" name="test_create_lead" time="0.101" /><testcase classname="backend.tests.test_phase1_pipeline.TestLeadsCRUD" name="test_get_lead" time="0.240" /></testsuite></testsuites>