<?xml version="1.0" encoding="utf-8"?><testsuites name="pytest tests"><testsuite name="pytest" errors="0" failures="0" skipped="0" tests="15" time="76.671" timestamp="2026-06-05T05:21:58.165521+00:00" hostname="agent-env-c26c4f56-0126-4122-a098-a7b6f7408852"><testcase classname="tests.test_iteration15_features.TestAuth" name="test_ceo_login" time="0.368" /><testcase classname="tests.test_iteration15_features.TestLeadSoftDelete" name="test_create_then_soft_delete" time="0.591" /><testcase classname="tests.test_iteration15_features.TestLeadSoftDelete" name="test_restore_lead" time="0.467" /><testcase classname="tests.test_iteration15_features.TestLeadSoftDelete" name="test_hard_delete_requires_soft_delete_first" time="0.613" /><testcase classname="tests.test_iteration15_features.TestCandidateForm" name="test_send_form_returns_link" time="0.332" /><testcase classname="tests.test_iteration15_features.TestCandidateForm" name="test_public_form_get_404_for_bad_token" time="0.115" /><testcase classname="tests.test_iteration15_features.TestCandidateForm" name="test_public_form_get_returns_schema" time="0.320" /><testcase classname="tests.test_iteration15_features.TestCandidateForm" name="test_submit_declaration_false_400" time="0.348" /><testcase classname="tests.test_iteration15_features.TestCandidateForm" name="test_submit_missing_required_400" time="0.353" /><testcase classname="tests.test_iteration15_features.TestCandidateForm" name="test_submit_with_resume_and_full_flow" time="1.152" /><testcase classname="tests.test_iteration15_features.TestManagerRoundPermission" name="test_hr_blocked_from_manager_round" time="2.275" /><testcase classname="tests.test_iteration15_features.TestManagerRoundPermission" name="test_non_assigned_manager_blocked" time="68.908" /><testcase classname="tests.test_iteration15_features.TestManagerRoundPermission" name="test_assigned_manager_can_submit" time="0.142" /><testcase classname="tests.test_iteration15_features.TestManagerRoundPermission" name="test_ceo_can_submit" time="0.136" /><testcase classname="tests.test_iteration15_features.TestManagerRoundPermission" name="test_hr_can_submit_hr_round" time="0.460" /></testsuite></testsuites>