<?xml version="1.0" encoding="utf-8"?><testsuites name="pytest tests"><testsuite name="pytest" errors="0" failures="0" skipped="0" tests="16" time="6.295" timestamp="2026-06-05T04:06:14.703929+00:00" hostname="agent-env-c26c4f56-0126-4122-a098-a7b6f7408852"><testcase classname="backend.tests.test_iteration13_designations_pipeline.TestDesignations" name="test_list_seeded" time="0.584" /><testcase classname="backend.tests.test_iteration13_designations_pipeline.TestDesignations" name="test_create_and_duplicate" time="0.357" /><testcase classname="backend.tests.test_iteration13_designations_pipeline.TestDesignations" name="test_update_and_delete" time="0.386" /><testcase classname="backend.tests.test_iteration13_designations_pipeline.TestDesignations" name="test_delete_blocked_when_in_use" time="0.480" /><testcase classname="backend.tests.test_iteration13_designations_pipeline.TestJobsLifecycle" name="test_create_archive_reopen_delete" time="0.939" /><testcase classname="backend.tests.test_iteration13_designations_pipeline.TestEmployeesPipeline" name="test_create_auto_code" time="0.246" /><testcase classname="backend.tests.test_iteration13_designations_pipeline.TestEmployeesPipeline" name="test_invalid_employee_type" time="0.104" /><testcase classname="backend.tests.test_iteration13_designations_pipeline.TestEmployeesPipeline" name="test_manual_code_and_duplicate" time="0.374" /><testcase classname="backend.tests.test_iteration13_designations_pipeline.TestEmployeesPipeline" name="test_pipeline_stats_shape" time="0.111" /><testcase classname="backend.tests.test_iteration13_designations_pipeline.TestEmployeesPipeline" name="test_transition_hold_requires_reason" time="0.430" /><testcase classname="backend.tests.test_iteration13_designations_pipeline.TestEmployeesPipeline" name="test_transition_rejected_requires_reason" time="0.485" /><testcase classname="backend.tests.test_iteration13_designations_pipeline.TestEmployeesPipeline" name="test_transition_joined_sets_active" time="0.447" /><testcase classname="backend.tests.test_iteration13_designations_pipeline.TestExcel" name="test_template_download" time="0.583" /><testcase classname="backend.tests.test_iteration13_designations_pipeline.TestExcel" name="test_export" time="0.153" /><testcase classname="backend.tests.test_iteration13_designations_pipeline.TestExcel" name="test_import_with_valid_and_invalid_rows" time="0.324" /><testcase classname="backend.tests.test_iteration13_designations_pipeline.TestMigration" name="test_existing_employees_have_pipeline_fields" time="0.110" /></testsuite></testsuites>